▲ Next.js 16.2.4 (Turbopack)
- Local:         http://localhost:3000
- Network:       http://192.168.56.1:3000
✓ Ready in 1293ms

 GET / 200 in 1402ms (next.js: 652ms, application-code: 751ms)
 GET /login 200 in 219ms (next.js: 131ms, application-code: 88ms)
 GET /register 200 in 185ms (next.js: 111ms, application-code: 74ms)
 GET /login 200 in 89ms (next.js: 14ms, application-code: 75ms)
 GET / 200 in 180ms (next.js: 11ms, application-code: 169ms)
 GET /register 200 in 74ms (next.js: 16ms, application-code: 58ms)
 GET /professional 200 in 205ms (next.js: 122ms, application-code: 83ms)
 GET /professional/patients 200 in 327ms (next.js: 243ms, application-code: 84ms)
 GET /professional/assessments 200 in 188ms (next.js: 111ms, application-code: 77ms)
 GET /professional/messages 200 in 147ms (next.js: 88ms, application-code: 59ms)
 GET /professional/messages 200 in 630ms (next.js: 11ms, application-code: 619ms)
 GET /login?loggedout=true 200 in 193ms (next.js: 13ms, application-code: 180ms)
 GET /forgot-password 200 in 2.5s (next.js: 1880ms, application-code: 585ms)
 GET /forgot-password 200 in 312ms (next.js: 159ms, application-code: 153ms)
 POST /api/password/send-confirmation 500 in 2.6s (next.js: 1138ms, application-code: 1434ms)
 POST /api/password/send-confirmation 500 in 1056ms (next.js: 11ms, application-code: 1045ms)
 POST /api/password/send-confirmation 500 in 1152ms (next.js: 7ms, application-code: 1145ms)
 GET /login 200 in 124ms (next.js: 44ms, application-code: 80ms)
 GET /register 200 in 106ms (next.js: 45ms, application-code: 61ms)
 GET /login 200 in 66ms (next.js: 11ms, application-code: 54ms)
 GET /register 200 in 68ms (next.js: 8ms, application-code: 60ms)
 GET /professional 200 in 128ms (next.js: 50ms, application-code: 78ms)
 GET /professional/patients 200 in 214ms (next.js: 130ms, application-code: 84ms)
 GET /professional/assessments 200 in 125ms (next.js: 44ms, application-code: 80ms)
 GET /professional/messages 200 in 113ms (next.js: 44ms, application-code: 69ms)
 GET /professional/patients/access 200 in 1985ms (next.js: 1732ms, application-code: 253ms)
 GET /professional/patients/access 200 in 170ms (next.js: 15ms, application-code: 155ms)
 GET /professional/patients/access 200 in 80ms (next.js: 10ms, application-code: 70ms)
 GET /professional/patients/access 200 in 59ms (next.js: 7ms, application-code: 52ms)
 GET /professional/profile 200 in 200ms (next.js: 106ms, application-code: 94ms)
 GET /professional/profile 200 in 49ms (next.js: 7ms, application-code: 42ms)
 GET /professional/patients/access 200 in 69ms (next.js: 10ms, application-code: 59ms)
 GET /professional/messages 200 in 69ms (next.js: 11ms, application-code: 59ms)
 GET /professional 200 in 63ms (next.js: 8ms, application-code: 55ms)
 GET /professional 200 in 399ms (next.js: 174ms, application-code: 225ms)
 GET /professional 200 in 148ms (next.js: 7ms, application-code: 141ms)
 GET /professional 200 in 89ms (next.js: 8ms, application-code: 81ms)
 GET /professional 200 in 89ms (next.js: 41ms, application-code: 48ms)
 GET /professional 200 in 340ms (next.js: 167ms, application-code: 173ms)
 GET /professional 200 in 99ms (next.js: 6ms, application-code: 93ms)
 GET /professional 200 in 56ms (next.js: 7ms, application-code: 49ms)
 GET /professional 200 in 351ms (next.js: 185ms, application-code: 166ms)
 GET /professional 200 in 172ms (next.js: 8ms, application-code: 163ms)
 GET /professional 200 in 115ms (next.js: 12ms, application-code: 103ms)
 GET /professional 200 in 116ms (next.js: 58ms, application-code: 58ms)
 GET /professional 200 in 257ms (next.js: 170ms, application-code: 88ms)
✓ Compiled in 197ms
 GET /professional 200 in 354ms (next.js: 150ms, application-code: 204ms)
 GET /professional 200 in 135ms (next.js: 8ms, application-code: 127ms)
 GET /professional 200 in 60ms (next.js: 7ms, application-code: 53ms)
✓ Compiled in 61ms
 GET /professional 200 in 204ms (next.js: 130ms, application-code: 74ms)
✓ Compiled in 465ms
 GET /professional 200 in 778ms (next.js: 266ms, application-code: 512ms)
 GET /professional 200 in 327ms (next.js: 55ms, application-code: 271ms)
 GET /professional 200 in 184ms (next.js: 69ms, application-code: 115ms)
 GET /professional 200 in 185ms (next.js: 121ms, application-code: 64ms)
 GET /professional 200 in 189ms (next.js: 18ms, application-code: 170ms)
 GET /professional 200 in 1134ms (next.js: 198ms, application-code: 935ms)
 GET /professional 200 in 349ms (next.js: 12ms, application-code: 337ms)
 GET /professional 200 in 207ms (next.js: 137ms, application-code: 70ms)
✓ Compiled in 201ms
 GET /professional 200 in 278ms (next.js: 134ms, application-code: 144ms)
 GET /professional 200 in 66ms (next.js: 11ms, application-code: 55ms)
✓ Compiled in 532ms
 GET /professional 200 in 455ms (next.js: 222ms, application-code: 233ms)
 GET /professional 200 in 259ms (next.js: 23ms, application-code: 236ms)
 GET /professional 200 in 155ms (next.js: 9ms, application-code: 146ms)
 GET /professional 200 in 156ms (next.js: 72ms, application-code: 84ms)
  Reload env: .env.local
  Reload env: .env.local
 GET /professional 200 in 2.6s (next.js: 1329ms, application-code: 1246ms)
 GET /professional 200 in 675ms (next.js: 288ms, application-code: 388ms)
 GET /professional 200 in 262ms (next.js: 16ms, application-code: 246ms)
 GET /professional 200 in 267ms (next.js: 106ms, application-code: 161ms)
 GET /professional 200 in 266ms (next.js: 167ms, application-code: 98ms)
 GET / 200 in 556ms (next.js: 41ms, application-code: 515ms)
 GET / 200 in 144ms (next.js: 11ms, application-code: 133ms)
 GET /login 200 in 388ms (next.js: 296ms, application-code: 92ms)
 GET /register 200 in 334ms (next.js: 238ms, application-code: 96ms)
 GET /login 200 in 73ms (next.js: 8ms, application-code: 64ms)
✓ Compiled in 95ms
 GET /professional 200 in 736ms (next.js: 226ms, application-code: 510ms)
 GET /login 200 in 743ms (next.js: 468ms, application-code: 275ms)
 GET /professional 200 in 215ms (next.js: 8ms, application-code: 207ms)
 GET /login 200 in 243ms (next.js: 10ms, application-code: 233ms)
 GET /professional 200 in 196ms (next.js: 11ms, application-code: 185ms)
 GET /professional 200 in 198ms (next.js: 50ms, application-code: 148ms)
 GET /login 200 in 108ms (next.js: 12ms, application-code: 96ms)
 GET /login 200 in 58ms (next.js: 8ms, application-code: 50ms)
✓ Compiled in 111ms
 GET /professional 200 in 737ms (next.js: 467ms, application-code: 270ms)
 GET /login 200 in 747ms (next.js: 185ms, application-code: 562ms)
 GET /login 200 in 222ms (next.js: 9ms, application-code: 213ms)
 GET /professional 200 in 150ms (next.js: 13ms, application-code: 137ms)
 GET /login 200 in 185ms (next.js: 9ms, application-code: 177ms)
 GET /login 200 in 184ms (next.js: 44ms, application-code: 141ms)
 GET /professional 200 in 97ms (next.js: 15ms, application-code: 82ms)
 GET /professional 200 in 95ms (next.js: 46ms, application-code: 49ms)
✓ Compiled in 82ms
 GET /professional 200 in 348ms (next.js: 294ms, application-code: 53ms)
 GET /login 200 in 356ms (next.js: 192ms, application-code: 165ms)
 GET / 200 in 339ms (next.js: 26ms, application-code: 313ms)
 GET /login 200 in 703ms (next.js: 43ms, application-code: 661ms)
✓ Compiled in 1177ms
 GET /login 500 in 919ms (next.js: 505ms, application-code: 415ms)
 GET /professional 500 in 923ms (next.js: 879ms, application-code: 44ms)
 GET /login 500 in 123ms (next.js: 37ms, application-code: 86ms)
 GET /professional 500 in 132ms (next.js: 92ms, application-code: 40ms)
 GET /login 500 in 131ms (next.js: 62ms, application-code: 69ms)
 GET /professional 500 in 92ms (next.js: 55ms, application-code: 37ms)
 GET /login 500 in 145ms (next.js: 89ms, application-code: 55ms)
 GET /professional 500 in 126ms (next.js: 86ms, application-code: 39ms)
 GET /professional 500 in 249ms (next.js: 176ms, application-code: 73ms)
 GET /login 500 in 250ms (next.js: 210ms, application-code: 40ms)
 GET /professional 500 in 219ms (next.js: 172ms, application-code: 46ms)
 GET /login 500 in 219ms (next.js: 192ms, application-code: 27ms)
 GET /login 500 in 137ms (next.js: 97ms, application-code: 41ms)
 GET /professional 500 in 137ms (next.js: 116ms, application-code: 22ms)
 GET /login 500 in 114ms (next.js: 71ms, application-code: 43ms)
 GET /professional 500 in 115ms (next.js: 95ms, application-code: 20ms)
 GET /login 500 in 134ms (next.js: 87ms, application-code: 47ms)
 GET /professional 500 in 134ms (next.js: 106ms, application-code: 28ms)
